{
  "RSpec": {
    "coverage": {
      "/Users/ginafrankel/Projects/weekend_challenge/instagram-challenge/instagram-challenge/app/helpers/application_helper.rb": {
        "lines": [
          1,
          null
        ]
      },
      "/Users/ginafrankel/Projects/weekend_challenge/instagram-challenge/instagram-challenge/app/helpers/users_helper.rb": {
        "lines": [
          1,
          null
        ]
      },
      "/Users/ginafrankel/Projects/weekend_challenge/instagram-challenge/instagram-challenge/app/controllers/users_controller.rb": {
        "lines": [
          1,
          1,
          null,
          null,
          null,
          null,
          null
        ]
      },
      "/Users/ginafrankel/Projects/weekend_challenge/instagram-challenge/instagram-challenge/app/controllers/application_controller.rb": {
        "lines": [
          1,
          null
        ]
      },
      "/Users/ginafrankel/Projects/weekend_challenge/instagram-challenge/instagram-challenge/app/models/user.rb": {
        "lines": [
          1,
          17,
          1,
          1,
          1,
          null,
          null,
          1,
          1,
          null
        ]
      },
      "/Users/ginafrankel/Projects/weekend_challenge/instagram-challenge/instagram-challenge/app/models/application_record.rb": {
        "lines": [
          1,
          1,
          null
        ]
      },
      "/Users/ginafrankel/Projects/weekend_challenge/instagram-challenge/instagram-challenge/app/mailers/application_mailer.rb": {
        "lines": [
          0,
          0,
          0,
          0
        ],
        "branches": {
        }
      },
      "/Users/ginafrankel/Projects/weekend_challenge/instagram-challenge/instagram-challenge/app/jobs/application_job.rb": {
        "lines": [
          0,
          null,
          null,
          null,
          null,
          null,
          0
        ],
        "branches": {
        }
      },
      "/Users/ginafrankel/Projects/weekend_challenge/instagram-challenge/instagram-challenge/app/channels/application_cable/connection.rb": {
        "lines": [
          0,
          0,
          0,
          0
        ],
        "branches": {
        }
      },
      "/Users/ginafrankel/Projects/weekend_challenge/instagram-challenge/instagram-challenge/app/channels/application_cable/channel.rb": {
        "lines": [
          0,
          0,
          0,
          0
        ],
        "branches": {
        }
      }
    },
    "timestamp": 1589106587
  }
}
