{
  "RSpec": {
    "coverage": {
      "/home/dillux/nucleus/dev/projects/instagram-challenge/railstagram/app/models/user.rb": {
        "lines": [
          1,
          1,
          null,
          null,
          1,
          null,
          null
        ]
      },
      "/home/dillux/nucleus/dev/projects/instagram-challenge/railstagram/app/models/application_record.rb": {
        "lines": [
          1,
          1,
          null
        ]
      },
      "/home/dillux/nucleus/dev/projects/instagram-challenge/railstagram/app/helpers/application_helper.rb": {
        "lines": [
          1,
          null
        ]
      },
      "/home/dillux/nucleus/dev/projects/instagram-challenge/railstagram/app/helpers/comments_helper.rb": {
        "lines": [
          1,
          null
        ]
      },
      "/home/dillux/nucleus/dev/projects/instagram-challenge/railstagram/app/helpers/posts_helper.rb": {
        "lines": [
          1,
          null
        ]
      },
      "/home/dillux/nucleus/dev/projects/instagram-challenge/railstagram/app/helpers/welcome_helper.rb": {
        "lines": [
          1,
          null
        ]
      },
      "/home/dillux/nucleus/dev/projects/instagram-challenge/railstagram/app/controllers/application_controller.rb": {
        "lines": [
          1,
          1,
          null,
          1,
          null,
          1,
          6,
          null,
          null
        ]
      },
      "/home/dillux/nucleus/dev/projects/instagram-challenge/railstagram/app/controllers/welcome_controller.rb": {
        "lines": [
          1,
          1,
          null,
          null
        ]
      },
      "/home/dillux/nucleus/dev/projects/instagram-challenge/railstagram/app/controllers/posts_controller.rb": {
        "lines": [
          1,
          null,
          1,
          1,
          null,
          null,
          1,
          0,
          null,
          null,
          1,
          1,
          null,
          null,
          1,
          1,
          1,
          1,
          1,
          1,
          null,
          0,
          0,
          null,
          null,
          null,
          1,
          0,
          0,
          0,
          null,
          null
        ]
      },
      "/home/dillux/nucleus/dev/projects/instagram-challenge/railstagram/app/models/post.rb": {
        "lines": [
          1,
          1,
          1,
          1,
          null
        ]
      },
      "/home/dillux/nucleus/dev/projects/instagram-challenge/railstagram/app/channels/application_cable/channel.rb": {
        "lines": [
          0,
          0,
          0,
          0
        ],
        "branches": {
        }
      },
      "/home/dillux/nucleus/dev/projects/instagram-challenge/railstagram/app/channels/application_cable/connection.rb": {
        "lines": [
          0,
          0,
          0,
          0
        ],
        "branches": {
        }
      },
      "/home/dillux/nucleus/dev/projects/instagram-challenge/railstagram/app/jobs/application_job.rb": {
        "lines": [
          0,
          null,
          null,
          null,
          null,
          null,
          0
        ],
        "branches": {
        }
      },
      "/home/dillux/nucleus/dev/projects/instagram-challenge/railstagram/app/controllers/comments_controller.rb": {
        "lines": [
          0,
          null,
          0,
          0,
          0,
          0,
          null,
          0,
          0,
          0,
          0,
          0,
          null,
          0,
          0,
          0,
          0,
          0
        ],
        "branches": {
        }
      },
      "/home/dillux/nucleus/dev/projects/instagram-challenge/railstagram/app/models/comment.rb": {
        "lines": [
          0,
          0,
          null,
          0
        ],
        "branches": {
        }
      },
      "/home/dillux/nucleus/dev/projects/instagram-challenge/railstagram/app/mailers/application_mailer.rb": {
        "lines": [
          0,
          0,
          0,
          0
        ],
        "branches": {
        }
      }
    },
    "timestamp": 1601287759
  }
}
