{"/Users/kaydent/Projects/instagram-js/instagram-challenge/models/images.js": {"path":"/Users/kaydent/Projects/instagram-js/instagram-challenge/models/images.js","statementMap":{"0":{"start":{"line":1,"column":17},"end":{"line":1,"column":36}},"1":{"start":{"line":3,"column":20},"end":{"line":11,"column":2}},"2":{"start":{"line":15,"column":14},"end":{"line":15,"column":50}},"3":{"start":{"line":17,"column":0},"end":{"line":17,"column":23}}},"fnMap":{},"branchMap":{},"s":{"0":1,"1":1,"2":1,"3":1},"f":{},"b":{},"_coverageSchema":"1a1c01bbd47fc00a2c39e90264f33305004495a9","hash":"68eb898fa573ea65c24886865a1fd43bf02b590d"}
}
