{
  "RSpec": {
    "coverage": {
      "/Users/chrissongz/Desktop/instagram-challenge/instagram/spec/controllers/users_controller_spec.rb": [
        1,
        null,
        1,
        null,
        1,
        1,
        1,
        1,
        null,
        null,
        null,
        null
      ],
      "/Users/chrissongz/Desktop/instagram-challenge/instagram/spec/rails_helper.rb": [
        null,
        1,
        1,
        1,
        null,
        1,
        1,
        null,
        null,
        null,
        null,
        null,
        null,
        null,
        null,
        null,
        null,
        null,
        null,
        null,
        null,
        null,
        null,
        null,
        null,
        null,
        null,
        1,
        null,
        0,
        0,
        null,
        1,
        null,
        1,
        null,
        null,
        null,
        null,
        1,
        null,
        null,
        null,
        null,
        null,
        null,
        null,
        null,
        null,
        null,
        null,
        null,
        null,
        null,
        1,
        null,
        null,
        1,
        null,
        null,
        null
      ],
      "/Users/chrissongz/Desktop/instagram-challenge/instagram/config/environment.rb": [
        null,
        1,
        null,
        null,
        1
      ],
      "/Users/chrissongz/Desktop/instagram-challenge/instagram/config/application.rb": [
        1,
        null,
        1,
        null,
        null,
        null,
        1,
        null,
        1,
        1,
        null,
        1,
        null,
        null,
        null,
        null,
        null,
        null,
        null
      ],
      "/Users/chrissongz/Desktop/instagram-challenge/instagram/config/boot.rb": [
        1,
        null,
        1,
        1
      ],
      "/Users/chrissongz/Desktop/instagram-challenge/instagram/config/environments/test.rb": [
        1,
        null,
        null,
        null,
        null,
        null,
        null,
        1,
        null,
        null,
        null,
        null,
        1,
        null,
        null,
        1,
        1,
        null,
        null,
        null,
        null,
        1,
        1,
        null,
        null,
        1,
        null,
        null,
        1,
        null,
        null,
        1,
        null,
        1,
        null,
        null,
        null,
        null,
        1,
        null,
        null,
        1,
        null,
        null,
        null,
        null
      ],
      "/Users/chrissongz/Desktop/instagram-challenge/instagram/config/initializers/application_controller_renderer.rb": [
        null,
        null,
        null,
        null,
        null,
        null,
        null,
        null
      ],
      "/Users/chrissongz/Desktop/instagram-challenge/instagram/config/initializers/assets.rb": [
        null,
        null,
        null,
        1,
        null,
        null,
        null,
        null,
        1,
        null,
        null,
        null,
        null,
        null
      ],
      "/Users/chrissongz/Desktop/instagram-challenge/instagram/config/initializers/backtrace_silencers.rb": [
        null,
        null,
        null,
        null,
        null,
        null,
        null
      ],
      "/Users/chrissongz/Desktop/instagram-challenge/instagram/config/initializers/content_security_policy.rb": [
        null,
        null,
        null,
        null,
        null,
        null,
        null,
        null,
        null,
        null,
        null,
        null,
        null,
        null,
        null,
        null,
        null,
        null,
        null,
        null,
        null,
        null,
        null,
        null,
        null
      ],
      "/Users/chrissongz/Desktop/instagram-challenge/instagram/config/initializers/cookies_serializer.rb": [
        null,
        null,
        null,
        null,
        1
      ],
      "/Users/chrissongz/Desktop/instagram-challenge/instagram/config/initializers/filter_parameter_logging.rb": [
        null,
        null,
        null,
        1
      ],
      "/Users/chrissongz/Desktop/instagram-challenge/instagram/config/initializers/inflections.rb": [
        null,
        null,
        null,
        null,
        null,
        null,
        null,
        null,
        null,
        null,
        null,
        null,
        null,
        null,
        null,
        null
      ],
      "/Users/chrissongz/Desktop/instagram-challenge/instagram/config/initializers/mime_types.rb": [
        null,
        null,
        null,
        null
      ],
      "/Users/chrissongz/Desktop/instagram-challenge/instagram/config/initializers/wrap_parameters.rb": [
        null,
        null,
        null,
        null,
        null,
        null,
        1,
        2,
        null,
        null,
        null,
        null,
        null,
        null
      ],
      "/Users/chrissongz/Desktop/instagram-challenge/instagram/config/routes.rb": [
        1,
        1,
        1,
        1,
        1,
        null
      ],
      "/Users/chrissongz/Desktop/instagram-challenge/instagram/app/helpers/application_helper.rb": [
        1,
        null
      ],
      "/Users/chrissongz/Desktop/instagram-challenge/instagram/app/helpers/users_helper.rb": [
        1,
        null
      ],
      "/Users/chrissongz/Desktop/instagram-challenge/instagram/app/helpers/welcome_helper.rb": [
        1,
        null
      ],
      "/Users/chrissongz/Desktop/instagram-challenge/instagram/app/controllers/users_controller.rb": [
        1,
        null,
        1,
        1,
        null,
        null,
        1,
        2,
        null,
        null,
        1,
        1,
        1,
        1,
        null,
        null,
        1,
        1,
        null,
        null
      ],
      "/Users/chrissongz/Desktop/instagram-challenge/instagram/app/controllers/application_controller.rb": [
        1,
        null
      ],
      "/Users/chrissongz/Desktop/instagram-challenge/instagram/spec/controllers/welcome_controller_spec.rb": [
        1,
        null,
        1,
        null,
        1,
        1,
        1,
        1,
        null,
        null,
        null,
        null
      ],
      "/Users/chrissongz/Desktop/instagram-challenge/instagram/app/controllers/welcome_controller.rb": [
        1,
        1,
        null,
        null
      ],
      "/Users/chrissongz/Desktop/instagram-challenge/instagram/spec/features/index_action_says_hello_spec.rb": [
        1,
        null,
        null,
        1,
        1,
        1,
        1,
        null,
        null
      ],
      "/Users/chrissongz/Desktop/instagram-challenge/instagram/spec/features/user_can_sign_up_spec.rb": [
        1,
        null,
        1,
        1,
        1,
        1,
        1,
        1,
        1,
        1,
        1,
        null,
        null
      ],
      "/Users/chrissongz/Desktop/instagram-challenge/instagram/spec/helpers/users_helper_spec.rb": [
        1,
        null,
        null,
        null,
        null,
        null,
        null,
        null,
        null,
        null,
        null,
        null,
        1,
        1,
        null
      ],
      "/Users/chrissongz/Desktop/instagram-challenge/instagram/spec/helpers/welcome_helper_spec.rb": [
        1,
        null,
        null,
        null,
        null,
        null,
        null,
        null,
        null,
        null,
        null,
        null,
        1,
        1,
        null
      ],
      "/Users/chrissongz/Desktop/instagram-challenge/instagram/spec/models/user_spec.rb": [
        1,
        null,
        1,
        1,
        null
      ],
      "/Users/chrissongz/Desktop/instagram-challenge/instagram/app/models/user.rb": [
        1,
        null
      ],
      "/Users/chrissongz/Desktop/instagram-challenge/instagram/app/models/application_record.rb": [
        1,
        1,
        null
      ],
      "/Users/chrissongz/Desktop/instagram-challenge/instagram/spec/views/users/new.html.erb_spec.rb": [
        1,
        null,
        1,
        1,
        null
      ]
    },
    "timestamp": 1558810868
  }
}
